Flow report for mc2
Sun May 09 15:57:29 2021
Quartus II 64-Bit Version 13.1.0 Build 162 10/23/2013 SJ Web Edition


---------------------
; Table of Contents ;
---------------------
  1. Legal Notice
  2. Flow Summary
  3. Flow Settings
  4. Flow Non-Default Global Settings
  5. Flow Elapsed Time
  6. Flow OS Summary
  7. Flow Log
  8. Flow Messages
  9. Flow Suppressed Messages



----------------
; Legal Notice ;
----------------
Copyright (C) 1991-2013 Altera Corporation
Your use of Altera Corporation's design tools, logic functions 
and other software and tools, and its AMPP partner logic 
functions, and any output files from any of the foregoing 
(including device programming or simulation files), and any 
associated documentation or information are expressly subject 
to the terms and conditions of the Altera Program License 
Subscription Agreement, Altera MegaCore Function License 
Agreement, or other applicable license agreement, including, 
without limitation, that your use is for the sole purpose of 
programming logic devices manufactured by Altera and sold by 
Altera or its authorized distributors.  Please refer to the 
applicable agreement for further details.



+---------------------------------------------------------------------------------+
; Flow Summary                                                                    ;
+------------------------------------+--------------------------------------------+
; Flow Status                        ; Successful - Sun May 09 15:57:29 2021      ;
; Quartus II 64-Bit Version          ; 13.1.0 Build 162 10/23/2013 SJ Web Edition ;
; Revision Name                      ; mc2                                        ;
; Top-level Entity Name              ; top                                        ;
; Family                             ; Cyclone IV E                               ;
; Device                             ; EP4CE55F23C8                               ;
; Timing Models                      ; Final                                      ;
; Total logic elements               ; 1,552 / 55,856 ( 3 % )                     ;
;     Total combinational functions  ; 1,510 / 55,856 ( 3 % )                     ;
;     Dedicated logic registers      ; 557 / 55,856 ( < 1 % )                     ;
; Total registers                    ; 557                                        ;
; Total pins                         ; 81 / 325 ( 25 % )                          ;
; Total virtual pins                 ; 0                                          ;
; Total memory bits                  ; 40,960 / 2,396,160 ( 2 % )                 ;
; Embedded Multiplier 9-bit elements ; 0 / 308 ( 0 % )                            ;
; Total PLLs                         ; 1 / 4 ( 25 % )                             ;
+------------------------------------+--------------------------------------------+


+-----------------------------------------+
; Flow Settings                           ;
+-------------------+---------------------+
; Option            ; Setting             ;
+-------------------+---------------------+
; Start date & time ; 05/09/2021 15:56:49 ;
; Main task         ; Compilation         ;
; Revision Name     ; mc2                 ;
+-------------------+---------------------+


+----------------------------------------------------------------------------------------------------------------------------------+
; Flow Non-Default Global Settings                                                                                                 ;
+--------------------------------------+---------------------------------------+--------------------+-------------+----------------+
; Assignment Name                      ; Value                                 ; Default Value      ; Entity Name ; Section Id     ;
+--------------------------------------+---------------------------------------+--------------------+-------------+----------------+
; COMPILER_SIGNATURE_ID                ; 31264775030918.162056860903972        ; --                 ; --          ; --             ;
; EDA_DESIGN_INSTANCE_NAME             ; NA                                    ; --                 ; --          ; sdram_vhd_tst  ;
; EDA_GENERATE_FUNCTIONAL_NETLIST      ; On                                    ; --                 ; --          ; eda_simulation ;
; EDA_NATIVELINK_SIMULATION_TEST_BENCH ; sdram_vhd_tst                         ; --                 ; --          ; eda_simulation ;
; EDA_OUTPUT_DATA_FORMAT               ; Vhdl                                  ; --                 ; --          ; eda_simulation ;
; EDA_SIMULATION_TOOL                  ; ModelSim-Altera (VHDL)                ; <None>             ; --          ; --             ;
; EDA_TEST_BENCH_ENABLE_STATUS         ; TEST_BENCH_MODE                       ; --                 ; --          ; eda_simulation ;
; EDA_TEST_BENCH_FILE                  ; simulation/modelsim/sdram.vht         ; --                 ; --          ; sdram_vhd_tst  ;
; EDA_TEST_BENCH_MODULE_NAME           ; sdram_vhd_tst                         ; --                 ; --          ; sdram_vhd_tst  ;
; EDA_TEST_BENCH_NAME                  ; sdram_vhd_tst                         ; --                 ; --          ; eda_simulation ;
; IP_TOOL_NAME                         ; ALTPLL                                ; --                 ; --          ; --             ;
; IP_TOOL_VERSION                      ; 13.0                                  ; --                 ; --          ; --             ;
; MAX_CORE_JUNCTION_TEMP               ; 85                                    ; --                 ; --          ; --             ;
; MIN_CORE_JUNCTION_TEMP               ; 0                                     ; --                 ; --          ; --             ;
; MISC_FILE                            ; pll.cmp                               ; --                 ; --          ; --             ;
; MISC_FILE                            ; pll.ppf                               ; --                 ; --          ; --             ;
; OPTIMIZE_POWER_DURING_SYNTHESIS      ; Off                                   ; Normal compilation ; --          ; --             ;
; OUTPUT_IO_TIMING_FAR_END_VMEAS       ; Half Signal Swing                     ; --                 ; --          ; --             ;
; OUTPUT_IO_TIMING_FAR_END_VMEAS       ; Half Signal Swing                     ; --                 ; --          ; --             ;
; OUTPUT_IO_TIMING_NEAR_END_VMEAS      ; Half Vccio                            ; --                 ; --          ; --             ;
; OUTPUT_IO_TIMING_NEAR_END_VMEAS      ; Half Vccio                            ; --                 ; --          ; --             ;
; PARTITION_COLOR                      ; 16764057                              ; --                 ; top         ; Top            ;
; PARTITION_FITTER_PRESERVATION_LEVEL  ; PLACEMENT_AND_ROUTING                 ; --                 ; top         ; Top            ;
; PARTITION_NETLIST_TYPE               ; SOURCE                                ; --                 ; top         ; Top            ;
; POWER_BOARD_THERMAL_MODEL            ; None (CONSERVATIVE)                   ; --                 ; --          ; --             ;
; POWER_PRESET_COOLING_SOLUTION        ; 23 MM HEAT SINK WITH 200 LFPM AIRFLOW ; --                 ; --          ; --             ;
; PROJECT_OUTPUT_DIRECTORY             ; output_files                          ; --                 ; --          ; --             ;
; SEED                                 ; 2                                     ; 1                  ; --          ; --             ;
; TOP_LEVEL_ENTITY                     ; top                                   ; mc2                ; --          ; --             ;
+--------------------------------------+---------------------------------------+--------------------+-------------+----------------+


+-------------------------------------------------------------------------------------------------------------------------------+
; Flow Elapsed Time                                                                                                             ;
+---------------------------+--------------+-------------------------+---------------------+------------------------------------+
; Module Name               ; Elapsed Time ; Average Processors Used ; Peak Virtual Memory ; Total CPU Time (on all processors) ;
+---------------------------+--------------+-------------------------+---------------------+------------------------------------+
; Analysis & Synthesis      ; 00:00:09     ; 1.0                     ; 4690 MB             ; 00:00:09                           ;
; Fitter                    ; 00:00:15     ; 1.0                     ; 5073 MB             ; 00:00:15                           ;
; Assembler                 ; 00:00:03     ; 1.0                     ; 4586 MB             ; 00:00:03                           ;
; TimeQuest Timing Analyzer ; 00:00:04     ; 1.0                     ; 4681 MB             ; 00:00:04                           ;
; EDA Netlist Writer        ; 00:00:01     ; 1.0                     ; 4548 MB             ; 00:00:01                           ;
; Total                     ; 00:00:32     ; --                      ; --                  ; 00:00:32                           ;
+---------------------------+--------------+-------------------------+---------------------+------------------------------------+


+----------------------------------------------------------------------------------------+
; Flow OS Summary                                                                        ;
+---------------------------+------------------+-----------+------------+----------------+
; Module Name               ; Machine Hostname ; OS Name   ; OS Version ; Processor type ;
+---------------------------+------------------+-----------+------------+----------------+
; Analysis & Synthesis      ; DESKTOP-C1K47OA  ; Windows 7 ; 6.2        ; x86_64         ;
; Fitter                    ; DESKTOP-C1K47OA  ; Windows 7 ; 6.2        ; x86_64         ;
; Assembler                 ; DESKTOP-C1K47OA  ; Windows 7 ; 6.2        ; x86_64         ;
; TimeQuest Timing Analyzer ; DESKTOP-C1K47OA  ; Windows 7 ; 6.2        ; x86_64         ;
; EDA Netlist Writer        ; DESKTOP-C1K47OA  ; Windows 7 ; 6.2        ; x86_64         ;
+---------------------------+------------------+-----------+------------+----------------+


------------
; Flow Log ;
------------
quartus_map --read_settings_files=on --write_settings_files=off mc2 -c mc2
quartus_fit --read_settings_files=off --write_settings_files=off mc2 -c mc2
quartus_asm --read_settings_files=off --write_settings_files=off mc2 -c mc2
quartus_sta mc2 -c mc2
quartus_eda --read_settings_files=off --write_settings_files=off mc2 -c mc2



